<?xml version="1.0" encoding="UTF-8"?>
<!-- Generated by org.testng.reporters.JUnitReportReporter -->
<testsuite skipped="0" hostname="ip-172-31-26-51" name="testcases.LoginTest" tests="1" failures="0" timestamp="2023-01-14T15:45:49 UTC" time="21.885" errors="0">
  <testcase name="testLogin" time="21.885" classname="testcases.LoginTest"/>
  <system-out/>
</testsuite> <!-- testcases.LoginTest -->
